#
# There is insufficient memory for the Java Runtime Environment to continue.
# Native memory allocation (malloc) failed to allocate 32744 bytes for ChunkPool::allocate
# Possible reasons:
#   The system is out of physical RAM or swap space
#   The process is running with CompressedOops enabled, and the Java Heap may be blocking the growth of the native heap
# Possible solutions:
#   Reduce memory load on the system
#   Increase physical memory or swap space
#   Check if swap backing store is full
#   Decrease Java heap size (-Xmx/-Xms)
#   Decrease number of Java threads
#   Decrease Java thread stack sizes (-Xss)
#   Set larger code cache with -XX:ReservedCodeCacheSize=
#   JVM is running with Unscaled Compressed Oops mode in which the Java heap is
#     placed in the first 4GB address space. The Java Heap base address is the
#     maximum limit for the native heap growth. Please use -XX:HeapBaseMinAddress
#     to set the Java Heap base and to place the Java Heap above 4GB virtual address.
# This output file may be truncated or incomplete.
#
#  Out of Memory Error (allocation.cpp:272), pid=8424, tid=0x0000000000004ab8
#
# JRE version: Java(TM) SE Runtime Environment (8.0_202-b08) (build 1.8.0_202-b08)
# Java VM: Java HotSpot(TM) 64-Bit Server VM (25.202-b08 mixed mode windows-amd64 compressed oops)
# Failed to write core dump. Minidumps are not enabled by default on client versions of Windows
#

---------------  T H R E A D  ---------------

Current thread (0x0000000014e9a000):  JavaThread "C2 CompilerThread1" daemon [_thread_in_native, id=19128, stack(0x0000000016620000,0x0000000016720000)]

Stack: [0x0000000016620000,0x0000000016720000]
[error occurred during error reporting (printing stack bounds), id 0xc0000005]

Native frames: (J=compiled Java code, j=interpreted, Vv=VM code, C=native code)


Current CompileTask:
C2:  24445 1591 % !   4       appliTraitement.Traitement::traitement @ 469 (1672 bytes)


---------------  P R O C E S S  ---------------

Java Threads: ( => current thread )
  0x00000000178c7000 JavaThread "Swing-Shell" daemon [_thread_blocked, id=11096, stack(0x0000000019e20000,0x0000000019f20000)]
  0x00000000176ff000 JavaThread "TimerQueue" daemon [_thread_blocked, id=16940, stack(0x0000000019a00000,0x0000000019b00000)]
  0x000000000270e800 JavaThread "DestroyJavaVM" [_thread_blocked, id=14744, stack(0x0000000002780000,0x0000000002880000)]
  0x0000000017568800 JavaThread "AWT-EventQueue-0" [_thread_in_native, id=18992, stack(0x0000000018540000,0x0000000018640000)]
  0x0000000016b18000 JavaThread "AWT-Windows" daemon [_thread_in_native, id=15220, stack(0x0000000017350000,0x0000000017450000)]
  0x0000000016b14000 JavaThread "AWT-Shutdown" [_thread_blocked, id=17352, stack(0x0000000017250000,0x0000000017350000)]
  0x0000000016b11000 JavaThread "Java2D Disposer" daemon [_thread_blocked, id=17844, stack(0x0000000017150000,0x0000000017250000)]
  0x0000000014eed000 JavaThread "Service Thread" daemon [_thread_blocked, id=8200, stack(0x0000000016c20000,0x0000000016d20000)]
  0x000000001672a800 JavaThread "C1 CompilerThread2" daemon [_thread_blocked, id=10600, stack(0x0000000016b20000,0x0000000016c20000)]
=>0x0000000014e9a000 JavaThread "C2 CompilerThread1" daemon [_thread_in_native, id=19128, stack(0x0000000016620000,0x0000000016720000)]
  0x0000000014e91000 JavaThread "C2 CompilerThread0" daemon [_thread_blocked, id=16972, stack(0x0000000016520000,0x0000000016620000)]
  0x0000000014e8f000 JavaThread "Attach Listener" daemon [_thread_blocked, id=14756, stack(0x0000000016420000,0x0000000016520000)]
  0x0000000014e96800 JavaThread "Signal Dispatcher" daemon [_thread_blocked, id=16988, stack(0x0000000016320000,0x0000000016420000)]
  0x000000000297c800 JavaThread "Finalizer" daemon [_thread_blocked, id=4444, stack(0x00000000160f0000,0x00000000161f0000)]
  0x0000000002971800 JavaThread "Reference Handler" daemon [_thread_blocked, id=13676, stack(0x0000000015ff0000,0x00000000160f0000)]

Other Threads:
  0x0000000014e58800 VMThread [stack: 0x0000000015ef0000,0x0000000015ff0000] [id=17716]
  0x0000000014eee000 WatcherThread [stack: 0x0000000016d20000,0x0000000016e20000] [id=16948]

VM state:not at safepoint (normal execution)

VM Mutex/Monitor currently owned by a thread: None

heap address: 0x00000000c3000000, size: 976 MB, Compressed Oops mode: 32-bit
Narrow klass base: 0x0000000000000000, Narrow klass shift: 3
Compressed class space size: 1073741824 Address: 0x0000000100000000

Heap:
 PSYoungGen      total 71680K, used 7552K [0x00000000ebb00000, 0x00000000f4700000, 0x0000000100000000)
  eden space 63488K, 11% used [0x00000000ebb00000,0x00000000ec248180,0x00000000ef900000)
  from space 8192K, 1% used [0x00000000ef900000,0x00000000ef918000,0x00000000f0100000)
  to   space 8192K, 0% used [0x00000000f3f00000,0x00000000f3f00000,0x00000000f4700000)
 ParOldGen       total 42496K, used 9224K [0x00000000c3000000, 0x00000000c5980000, 0x00000000ebb00000)
  object space 42496K, 21% used [0x00000000c3000000,0x00000000c3902338,0x00000000c5980000)
 Metaspace       used 14458K, capacity 14774K, committed 15104K, reserved 1062912K
  class space    used 1888K, capacity 1975K, committed 2048K, reserved 1048576K

Card table byte_map: [0x0000000011d40000,0x0000000011f30000] byte_map_base: 0x0000000011728000

Marking Bits: (ParMarkBitMap*) 0x0000000056a75ce0
 Begin Bits: [0x0000000012480000, 0x00000000133c0000)
 End Bits:   [0x00000000133c0000, 0x0000000014300000)

Polling page: 0x0000000000b30000

CodeCache: size=245760Kb used=5748Kb max_used=5748Kb free=240011Kb
 bounds [0x0000000002980000, 0x0000000002f30000, 0x0000000011980000]
 total_blobs=2085 nmethods=1579 adapters=418
 compilation: enabled

Compilation events (10 events):
Event: 23.775 Thread 0x000000001672a800 nmethod 1587 0x0000000002ed67d0 code [0x0000000002ed6a80, 0x0000000002ed7d28]
Event: 23.775 Thread 0x000000001672a800 1588       3       java.nio.HeapByteBuffer::compact (52 bytes)
Event: 23.776 Thread 0x000000001672a800 nmethod 1588 0x0000000002f1d550 code [0x0000000002f1d700, 0x0000000002f1df48]
Event: 23.834 Thread 0x000000001672a800 1589       3       java.io.InputStreamReader::read (11 bytes)
Event: 23.834 Thread 0x000000001672a800 nmethod 1589 0x0000000002ed63d0 code [0x0000000002ed6540, 0x0000000002ed66e8]
Event: 23.853 Thread 0x000000001672a800 1590       3       java.io.BufferedReader::fill (170 bytes)
Event: 23.853 Thread 0x000000001672a800 nmethod 1590 0x0000000002f1e110 code [0x0000000002f1e2c0, 0x0000000002f1e948]
Event: 24.083 Thread 0x0000000014e9a000 1591 % !   4       appliTraitement.Traitement::traitement @ 469 (1672 bytes)
Event: 24.142 Thread 0x000000001672a800 1592       3       java.util.regex.Pattern$BnM::optimize (179 bytes)
Event: 24.143 Thread 0x000000001672a800 nmethod 1592 0x0000000002f1eb10 code [0x0000000002f1ed20, 0x0000000002f1f928]

GC Heap History (10 events):
Event: 22.649 GC heap before
{Heap before GC invocations=3 (full 0):
 PSYoungGen      total 18432K, used 18426K [0x00000000ebb00000, 0x00000000edf00000, 0x0000000100000000)
  eden space 15872K, 100% used [0x00000000ebb00000,0x00000000eca80000,0x00000000eca80000)
  from space 2560K, 99% used [0x00000000ecd00000,0x00000000ecf7ebb0,0x00000000ecf80000)
  to   space 2560K, 0% used [0x00000000eca80000,0x00000000eca80000,0x00000000ecd00000)
 ParOldGen       total 42496K, used 6653K [0x00000000c3000000, 0x00000000c5980000, 0x00000000ebb00000)
  object space 42496K, 15% used [0x00000000c3000000,0x00000000c367f4b8,0x00000000c5980000)
 Metaspace       used 14419K, capacity 14710K, committed 15104K, reserved 1062912K
  class space    used 1888K, capacity 1975K, committed 2048K, reserved 1048576K
Event: 22.653 GC heap after
Heap after GC invocations=3 (full 0):
 PSYoungGen      total 18432K, used 2538K [0x00000000ebb00000, 0x00000000edf00000, 0x0000000100000000)
  eden space 15872K, 0% used [0x00000000ebb00000,0x00000000ebb00000,0x00000000eca80000)
  from space 2560K, 99% used [0x00000000eca80000,0x00000000eccfaba0,0x00000000ecd00000)
  to   space 2560K, 0% used [0x00000000edc80000,0x00000000edc80000,0x00000000edf00000)
 ParOldGen       total 42496K, used 6717K [0x00000000c3000000, 0x00000000c5980000, 0x00000000ebb00000)
  object space 42496K, 15% used [0x00000000c3000000,0x00000000c368f4b8,0x00000000c5980000)
 Metaspace       used 14419K, capacity 14710K, committed 15104K, reserved 1062912K
  class space    used 1888K, capacity 1975K, committed 2048K, reserved 1048576K
}
Event: 22.832 GC heap before
{Heap before GC invocations=4 (full 0):
 PSYoungGen      total 18432K, used 18410K [0x00000000ebb00000, 0x00000000edf00000, 0x0000000100000000)
  eden space 15872K, 100% used [0x00000000ebb00000,0x00000000eca80000,0x00000000eca80000)
  from space 2560K, 99% used [0x00000000eca80000,0x00000000eccfaba0,0x00000000ecd00000)
  to   space 2560K, 0% used [0x00000000edc80000,0x00000000edc80000,0x00000000edf00000)
 ParOldGen       total 42496K, used 6717K [0x00000000c3000000, 0x00000000c5980000, 0x00000000ebb00000)
  object space 42496K, 15% used [0x00000000c3000000,0x00000000c368f4b8,0x00000000c5980000)
 Metaspace       used 14422K, capacity 14710K, committed 15104K, reserved 1062912K
  class space    used 1888K, capacity 1975K, committed 2048K, reserved 1048576K
Event: 22.839 GC heap after
Heap after GC invocations=4 (full 0):
 PSYoungGen      total 34304K, used 2554K [0x00000000ebb00000, 0x00000000edf00000, 0x0000000100000000)
  eden space 31744K, 0% used [0x00000000ebb00000,0x00000000ebb00000,0x00000000eda00000)
  from space 2560K, 99% used [0x00000000edc80000,0x00000000edefebb0,0x00000000edf00000)
  to   space 2560K, 0% used [0x00000000eda00000,0x00000000eda00000,0x00000000edc80000)
 ParOldGen       total 42496K, used 6725K [0x00000000c3000000, 0x00000000c5980000, 0x00000000ebb00000)
  object space 42496K, 15% used [0x00000000c3000000,0x00000000c36914b8,0x00000000c5980000)
 Metaspace       used 14422K, capacity 14710K, committed 15104K, reserved 1062912K
  class space    used 1888K, capacity 1975K, committed 2048K, reserved 1048576K
}
Event: 23.196 GC heap before
{Heap before GC invocations=5 (full 0):
 PSYoungGen      total 34304K, used 34298K [0x00000000ebb00000, 0x00000000edf00000, 0x0000000100000000)
  eden space 31744K, 100% used [0x00000000ebb00000,0x00000000eda00000,0x00000000eda00000)
  from space 2560K, 99% used [0x00000000edc80000,0x00000000edefebb0,0x00000000edf00000)
  to   space 2560K, 0% used [0x00000000eda00000,0x00000000eda00000,0x00000000edc80000)
 ParOldGen       total 42496K, used 6725K [0x00000000c3000000, 0x00000000c5980000, 0x00000000ebb00000)
  object space 42496K, 15% used [0x00000000c3000000,0x00000000c36914b8,0x00000000c5980000)
 Metaspace       used 14424K, capacity 14710K, committed 15104K, reserved 1062912K
  class space    used 1888K, capacity 1975K, committed 2048K, reserved 1048576K
Event: 23.201 GC heap after
Heap after GC invocations=5 (full 0):
 PSYoungGen      total 34304K, used 2554K [0x00000000ebb00000, 0x00000000f0a00000, 0x0000000100000000)
  eden space 31744K, 0% used [0x00000000ebb00000,0x00000000ebb00000,0x00000000eda00000)
  from space 2560K, 99% used [0x00000000eda00000,0x00000000edc7ebb0,0x00000000edc80000)
  to   space 8704K, 0% used [0x00000000f0180000,0x00000000f0180000,0x00000000f0a00000)
 ParOldGen       total 42496K, used 6733K [0x00000000c3000000, 0x00000000c5980000, 0x00000000ebb00000)
  object space 42496K, 15% used [0x00000000c3000000,0x00000000c36934b8,0x00000000c5980000)
 Metaspace       used 14424K, capacity 14710K, committed 15104K, reserved 1062912K
  class space    used 1888K, capacity 1975K, committed 2048K, reserved 1048576K
}
Event: 23.558 GC heap before
{Heap before GC invocations=6 (full 0):
 PSYoungGen      total 34304K, used 34298K [0x00000000ebb00000, 0x00000000f0a00000, 0x0000000100000000)
  eden space 31744K, 100% used [0x00000000ebb00000,0x00000000eda00000,0x00000000eda00000)
  from space 2560K, 99% used [0x00000000eda00000,0x00000000edc7ebb0,0x00000000edc80000)
  to   space 8704K, 0% used [0x00000000f0180000,0x00000000f0180000,0x00000000f0a00000)
 ParOldGen       total 42496K, used 6733K [0x00000000c3000000, 0x00000000c5980000, 0x00000000ebb00000)
  object space 42496K, 15% used [0x00000000c3000000,0x00000000c36934b8,0x00000000c5980000)
 Metaspace       used 14450K, capacity 14774K, committed 15104K, reserved 1062912K
  class space    used 1888K, capacity 1975K, committed 2048K, reserved 1048576K
Event: 23.563 GC heap after
Heap after GC invocations=6 (full 0):
 PSYoungGen      total 71168K, used 2554K [0x00000000ebb00000, 0x00000000f0900000, 0x0000000100000000)
  eden space 63488K, 0% used [0x00000000ebb00000,0x00000000ebb00000,0x00000000ef900000)
  from space 7680K, 33% used [0x00000000f0180000,0x00000000f03febb0,0x00000000f0900000)
  to   space 8192K, 0% used [0x00000000ef900000,0x00000000ef900000,0x00000000f0100000)
 ParOldGen       total 42496K, used 6733K [0x00000000c3000000, 0x00000000c5980000, 0x00000000ebb00000)
  object space 42496K, 15% used [0x00000000c3000000,0x00000000c36934b8,0x00000000c5980000)
 Metaspace       used 14450K, capacity 14774K, committed 15104K, reserved 1062912K
  class space    used 1888K, capacity 1975K, committed 2048K, reserved 1048576K
}
Event: 24.365 GC heap before
{Heap before GC invocations=7 (full 0):
 PSYoungGen      total 71168K, used 66042K [0x00000000ebb00000, 0x00000000f0900000, 0x0000000100000000)
  eden space 63488K, 100% used [0x00000000ebb00000,0x00000000ef900000,0x00000000ef900000)
  from space 7680K, 33% used [0x00000000f0180000,0x00000000f03febb0,0x00000000f0900000)
  to   space 8192K, 0% used [0x00000000ef900000,0x00000000ef900000,0x00000000f0100000)
 ParOldGen       total 42496K, used 6733K [0x00000000c3000000, 0x00000000c5980000, 0x00000000ebb00000)
  object space 42496K, 15% used [0x00000000c3000000,0x00000000c36934b8,0x00000000c5980000)
 Metaspace       used 14458K, capacity 14774K, committed 15104K, reserved 1062912K
  class space    used 1888K, capacity 1975K, committed 2048K, reserved 1048576K
Event: 24.371 GC heap after
Heap after GC invocations=7 (full 0):
 PSYoungGen      total 71680K, used 96K [0x00000000ebb00000, 0x00000000f4700000, 0x0000000100000000)
  eden space 63488K, 0% used [0x00000000ebb00000,0x00000000ebb00000,0x00000000ef900000)
  from space 8192K, 1% used [0x00000000ef900000,0x00000000ef918000,0x00000000f0100000)
  to   space 8192K, 0% used [0x00000000f3f00000,0x00000000f3f00000,0x00000000f4700000)
 ParOldGen       total 42496K, used 9224K [0x00000000c3000000, 0x00000000c5980000, 0x00000000ebb00000)
  object space 42496K, 21% used [0x00000000c3000000,0x00000000c3902338,0x00000000c5980000)
 Metaspace       used 14458K, capacity 14774K, committed 15104K, reserved 1062912K
  class space    used 1888K, capacity 1975K, committed 2048K, reserved 1048576K
}

Deoptimization events (7 events):
Event: 6.461 Thread 0x0000000017568800 Uncommon trap: reason=class_check action=maybe_recompile pc=0x0000000002afb920 method=java.lang.String.equals(Ljava/lang/Object;)Z @ 8
Event: 6.461 Thread 0x0000000017568800 Uncommon trap: reason=class_check action=maybe_recompile pc=0x0000000002afb920 method=java.lang.String.equals(Ljava/lang/Object;)Z @ 8
Event: 12.511 Thread 0x0000000017568800 Uncommon trap: reason=class_check action=maybe_recompile pc=0x0000000002afb920 method=java.lang.String.equals(Ljava/lang/Object;)Z @ 8
Event: 13.912 Thread 0x0000000017568800 Uncommon trap: reason=class_check action=maybe_recompile pc=0x0000000002afb920 method=java.lang.String.equals(Ljava/lang/Object;)Z @ 8
Event: 22.368 Thread 0x0000000017568800 Uncommon trap: reason=unstable_if action=reinterpret pc=0x0000000002e70c10 method=java.util.regex.Pattern.compile()V @ 126
Event: 23.497 Thread 0x0000000017568800 Uncommon trap: reason=unstable_if action=reinterpret pc=0x0000000002e87840 method=java.lang.Integer.getChars(II[C)V @ 20
Event: 23.497 Thread 0x0000000017568800 Uncommon trap: reason=unstable_if action=reinterpret pc=0x0000000002e7b0e4 method=java.lang.Integer.getChars(II[C)V @ 20

Classes redefined (0 events):
No events

Internal exceptions (10 events):
Event: 0.115 Thread 0x000000000270e800 Exception <a 'java/lang/NoSuchMethodError': Method sun.misc.Unsafe.defineClass(Ljava/lang/String;[BII)Ljava/lang/Class; name or signature does not match> (0x00000000ebb07cb0) thrown at [C:\re\workspace\8-2-build-windows-amd64-cygwin\jdk8u202\12323\hotspot
Event: 0.115 Thread 0x000000000270e800 Exception <a 'java/lang/NoSuchMethodError': Method sun.misc.Unsafe.prefetchRead(Ljava/lang/Object;J)V name or signature does not match> (0x00000000ebb07f98) thrown at [C:\re\workspace\8-2-build-windows-amd64-cygwin\jdk8u202\12323\hotspot\src\share\vm\prim
Event: 0.304 Thread 0x000000000270e800 Exception <a 'java/security/PrivilegedActionException'> (0x00000000ebbfd7f8) thrown at [C:\re\workspace\8-2-build-windows-amd64-cygwin\jdk8u202\12323\hotspot\src\share\vm\prims\jvm.cpp, line 1502]
Event: 0.304 Thread 0x000000000270e800 Exception <a 'java/security/PrivilegedActionException'> (0x00000000ebbfda08) thrown at [C:\re\workspace\8-2-build-windows-amd64-cygwin\jdk8u202\12323\hotspot\src\share\vm\prims\jvm.cpp, line 1502]
Event: 0.305 Thread 0x000000000270e800 Exception <a 'java/security/PrivilegedActionException'> (0x00000000ebc01678) thrown at [C:\re\workspace\8-2-build-windows-amd64-cygwin\jdk8u202\12323\hotspot\src\share\vm\prims\jvm.cpp, line 1502]
Event: 0.305 Thread 0x000000000270e800 Exception <a 'java/security/PrivilegedActionException'> (0x00000000ebc01888) thrown at [C:\re\workspace\8-2-build-windows-amd64-cygwin\jdk8u202\12323\hotspot\src\share\vm\prims\jvm.cpp, line 1502]
Event: 0.312 Thread 0x000000000270e800 Exception <a 'java/io/FileNotFoundException'> (0x00000000ebc042b0) thrown at [C:\re\workspace\8-2-build-windows-amd64-cygwin\jdk8u202\12323\hotspot\src\share\vm\prims\jni.cpp, line 710]
Event: 0.368 Thread 0x000000000270e800 Exception <a 'java/lang/NoSuchFieldError': method resolution failed> (0x00000000ebcd5d30) thrown at [C:\re\workspace\8-2-build-windows-amd64-cygwin\jdk8u202\12323\hotspot\src\share\vm\prims\methodHandles.cpp, line 1167]
Event: 0.374 Thread 0x000000000270e800 Exception <a 'java/lang/NoSuchFieldError': method resolution failed> (0x00000000ebce31b0) thrown at [C:\re\workspace\8-2-build-windows-amd64-cygwin\jdk8u202\12323\hotspot\src\share\vm\prims\methodHandles.cpp, line 1167]
Event: 0.454 Thread 0x000000000270e800 Exception <a 'java/io/FileNotFoundException'> (0x00000000ebd7c700) thrown at [C:\re\workspace\8-2-build-windows-amd64-cygwin\jdk8u202\12323\hotspot\src\share\vm\prims\jni.cpp, line 710]

Events (10 events):
Event: 23.497 Thread 0x0000000017568800 DEOPT PACKING pc=0x0000000002e7b0e4 sp=0x000000001863c730
Event: 23.497 Thread 0x0000000017568800 DEOPT UNPACKING pc=0x00000000029c583b sp=0x000000001863c6c0 mode 2
Event: 23.558 Executing VM operation: ParallelGCFailedAllocation
Event: 23.563 Executing VM operation: ParallelGCFailedAllocation done
Event: 23.564 Executing VM operation: RevokeBias
Event: 23.564 Executing VM operation: RevokeBias done
Event: 23.609 Thread 0x0000000017568800 DEOPT PACKING pc=0x0000000002e95cd4 sp=0x000000001863c730
Event: 23.609 Thread 0x0000000017568800 DEOPT UNPACKING pc=0x00000000029c7490 sp=0x000000001863c480 mode 0
Event: 24.365 Executing VM operation: ParallelGCFailedAllocation
Event: 24.372 Executing VM operation: ParallelGCFailedAllocation done


Dynamic libraries:
0x00007ff7da4b0000 - 0x00007ff7da4e7000 	C:\Program Files\Java\jre1.8.0_202\bin\javaw.exe
0x00007ffa30c40000 - 0x00007ffa30e30000 	C:\WINDOWS\SYSTEM32\ntdll.dll
0x00007ffa2faf0000 - 0x00007ffa2fba2000 	C:\WINDOWS\System32\KERNEL32.DLL
0x00007ffa2dc00000 - 0x00007ffa2dea4000 	C:\WINDOWS\System32\KERNELBASE.dll
0x00007ffa2ecf0000 - 0x00007ffa2ed93000 	C:\WINDOWS\System32\ADVAPI32.dll
0x00007ffa30b60000 - 0x00007ffa30bfe000 	C:\WINDOWS\System32\msvcrt.dll
0x00007ffa30400000 - 0x00007ffa30497000 	C:\WINDOWS\System32\sechost.dll
0x00007ffa2f7f0000 - 0x00007ffa2f910000 	C:\WINDOWS\System32\RPCRT4.dll
0x00007ffa2f5a0000 - 0x00007ffa2f734000 	C:\WINDOWS\System32\USER32.dll
0x00007ffa2dbd0000 - 0x00007ffa2dbf1000 	C:\WINDOWS\System32\win32u.dll
0x00007ffa2fc10000 - 0x00007ffa2fc36000 	C:\WINDOWS\System32\GDI32.dll
0x00007ffa2e7d0000 - 0x00007ffa2e964000 	C:\WINDOWS\System32\gdi32full.dll
0x00007ffa2e730000 - 0x00007ffa2e7ce000 	C:\WINDOWS\System32\msvcp_win.dll
0x00007ffa2eba0000 - 0x00007ffa2ec9a000 	C:\WINDOWS\System32\ucrtbase.dll
0x00007ffa18e50000 - 0x00007ffa190d4000 	C:\WINDOWS\WinSxS\amd64_microsoft.windows.common-controls_6595b64144ccf1df_6.0.18362.836_none_e6c4b943130f18ed\COMCTL32.dll
0x00007ffa30650000 - 0x00007ffa30986000 	C:\WINDOWS\System32\combase.dll
0x00007ffa2e970000 - 0x00007ffa2e9f0000 	C:\WINDOWS\System32\bcryptPrimitives.dll
0x00007ffa2ee20000 - 0x00007ffa2ee4e000 	C:\WINDOWS\System32\IMM32.DLL
0x0000000057780000 - 0x0000000057852000 	C:\Program Files\Java\jre1.8.0_202\bin\msvcr100.dll
0x0000000056250000 - 0x0000000056af5000 	C:\Program Files\Java\jre1.8.0_202\bin\server\jvm.dll
0x00007ffa2fe50000 - 0x00007ffa2fe58000 	C:\WINDOWS\System32\PSAPI.DLL
0x00007ffa1db80000 - 0x00007ffa1db89000 	C:\WINDOWS\SYSTEM32\WSOCK32.dll
0x00007ffa2fe60000 - 0x00007ffa2fecf000 	C:\WINDOWS\System32\WS2_32.dll
0x00007ffa2aec0000 - 0x00007ffa2aee4000 	C:\WINDOWS\SYSTEM32\WINMM.dll
0x00007ffa1d140000 - 0x00007ffa1d14a000 	C:\WINDOWS\SYSTEM32\VERSION.dll
0x00007ffa2b0f0000 - 0x00007ffa2b11d000 	C:\WINDOWS\SYSTEM32\WINMMBASE.dll
0x00007ffa2e6e0000 - 0x00007ffa2e72a000 	C:\WINDOWS\System32\cfgmgr32.dll
0x00007ffa2c6d0000 - 0x00007ffa2c6df000 	C:\Program Files\Java\jre1.8.0_202\bin\verify.dll
0x00007ffa1ec10000 - 0x00007ffa1ec39000 	C:\Program Files\Java\jre1.8.0_202\bin\java.dll
0x00007ffa26660000 - 0x00007ffa26676000 	C:\Program Files\Java\jre1.8.0_202\bin\zip.dll
0x00007ffa2eeb0000 - 0x00007ffa2f594000 	C:\WINDOWS\System32\SHELL32.dll
0x00007ffa2f740000 - 0x00007ffa2f7e9000 	C:\WINDOWS\System32\shcore.dll
0x00007ffa2deb0000 - 0x00007ffa2e62e000 	C:\WINDOWS\System32\windows.storage.dll
0x00007ffa2dba0000 - 0x00007ffa2dbc3000 	C:\WINDOWS\System32\profapi.dll
0x00007ffa2db30000 - 0x00007ffa2db7a000 	C:\WINDOWS\System32\powrprof.dll
0x00007ffa2db00000 - 0x00007ffa2db10000 	C:\WINDOWS\System32\UMPDC.dll
0x00007ffa30a60000 - 0x00007ffa30ab2000 	C:\WINDOWS\System32\shlwapi.dll
0x00007ffa2db10000 - 0x00007ffa2db21000 	C:\WINDOWS\System32\kernel.appcore.dll
0x00007ffa2ecd0000 - 0x00007ffa2ece7000 	C:\WINDOWS\System32\cryptsp.dll
0x00007ff9ff700000 - 0x00007ff9ff899000 	C:\Program Files\Java\jre1.8.0_202\bin\awt.dll
0x00007ffa2fd80000 - 0x00007ffa2fe44000 	C:\WINDOWS\System32\OLEAUT32.dll
0x00007ffa2b160000 - 0x00007ffa2b1ef000 	C:\WINDOWS\SYSTEM32\apphelp.dll
0x00007ffa2c070000 - 0x00007ffa2c09d000 	C:\WINDOWS\system32\DWMAPI.DLL
0x00007ffa2b2b0000 - 0x00007ffa2b349000 	C:\WINDOWS\system32\uxtheme.dll
0x00007ffa01c60000 - 0x00007ffa01db6000 	C:\WINDOWS\system32\opengl32.dll
0x00007ffa16d50000 - 0x00007ffa16d7c000 	C:\WINDOWS\SYSTEM32\GLU32.dll
0x00007ffa2c770000 - 0x00007ffa2c790000 	C:\WINDOWS\SYSTEM32\dxcore.dll
0x00007ffa2fc40000 - 0x00007ffa2fd76000 	C:\WINDOWS\System32\MSCTF.dll
0x00007ffa2f910000 - 0x00007ffa2fa67000 	C:\WINDOWS\System32\ole32.dll
0x00007ffa15ce0000 - 0x00007ffa15d27000 	C:\Program Files\Java\jre1.8.0_202\bin\fontmanager.dll
0x00007ffa25f90000 - 0x00007ffa25faa000 	C:\Program Files\Java\jre1.8.0_202\bin\net.dll
0x00007ffa1df30000 - 0x00007ffa1e106000 	C:\WINDOWS\SYSTEM32\urlmon.dll
0x00007ffa1dc60000 - 0x00007ffa1df06000 	C:\WINDOWS\SYSTEM32\iertutil.dll
0x00007ffa2d4e0000 - 0x00007ffa2d4ec000 	C:\WINDOWS\SYSTEM32\CRYPTBASE.DLL
0x00007ffa2d310000 - 0x00007ffa2d377000 	C:\WINDOWS\system32\mswsock.dll
0x00007ffa25b10000 - 0x00007ffa25b22000 	C:\Program Files\Java\jre1.8.0_202\bin\nio.dll
0x00007ffa15830000 - 0x00007ffa15872000 	C:\Program Files\Java\jre1.8.0_202\bin\t2k.dll
0x00007ffa18140000 - 0x00007ffa181de000 	C:\WINDOWS\System32\TextInputFramework.dll
0x00007ffa25060000 - 0x00007ffa2538a000 	C:\WINDOWS\System32\CoreUIComponents.dll
0x00007ffa2cb60000 - 0x00007ffa2cb91000 	C:\WINDOWS\SYSTEM32\ntmarta.dll
0x00007ffa2a830000 - 0x00007ffa2a904000 	C:\WINDOWS\System32\CoreMessaging.dll
0x00007ffa29070000 - 0x00007ffa291c3000 	C:\WINDOWS\SYSTEM32\wintypes.dll
0x00007ffa2fee0000 - 0x00007ffa2ff82000 	C:\WINDOWS\System32\clbcatq.dll
0x00007ffa24cb0000 - 0x00007ffa24e5f000 	C:\WINDOWS\SYSTEM32\WindowsCodecs.dll
0x00007ffa10e50000 - 0x00007ffa10e8a000 	C:\WINDOWS\system32\dataexchange.dll
0x00007ffa29d00000 - 0x00007ffa29f5b000 	C:\WINDOWS\system32\d3d11.dll
0x00007ffa2a650000 - 0x00007ffa2a82c000 	C:\WINDOWS\system32\dcomp.dll
0x00007ffa2c800000 - 0x00007ffa2c8eb000 	C:\WINDOWS\system32\dxgi.dll
0x00007ffa2bb10000 - 0x00007ffa2bd71000 	C:\WINDOWS\system32\twinapi.appcore.dll
0x00007ffa2c040000 - 0x00007ffa2c069000 	C:\WINDOWS\system32\RMCLIENT.dll
0x00007ffa05480000 - 0x00007ffa05529000 	C:\WINDOWS\WinSxS\amd64_microsoft.windows.common-controls_6595b64144ccf1df_5.82.18362.836_none_2a2600ea466b531c\comctl32.dll
0x00007ffa2c6e0000 - 0x00007ffa2c6f6000 	C:\WINDOWS\system32\NetworkExplorer.dll
0x00007ffa2b680000 - 0x00007ffa2b770000 	C:\WINDOWS\system32\PROPSYS.dll
0x00007ffa1a000000 - 0x00007ffa1a01b000 	C:\WINDOWS\SYSTEM32\MPR.dll
0x00007ffa28ce0000 - 0x00007ffa28ceb000 	C:\WINDOWS\System32\drprov.dll
0x00007ffa2d8f0000 - 0x00007ffa2d946000 	C:\WINDOWS\System32\WINSTA.dll
0x00007ffa0ffe0000 - 0x00007ffa0fff5000 	C:\WINDOWS\System32\ntlanman.dll
0x00007ffa0f300000 - 0x00007ffa0f31d000 	C:\WINDOWS\System32\davclnt.dll
0x00007ffa0fa20000 - 0x00007ffa0fa2c000 	C:\WINDOWS\System32\DAVHLPR.dll
0x00007ffa27eb0000 - 0x00007ffa27ec7000 	C:\WINDOWS\System32\wkscli.dll
0x00007ffa2eca0000 - 0x00007ffa2ecc6000 	C:\WINDOWS\System32\bcrypt.dll
0x00007ffa0f000000 - 0x00007ffa0f012000 	C:\WINDOWS\SYSTEM32\cscapi.dll
0x00007ffa2d130000 - 0x00007ffa2d13c000 	C:\WINDOWS\System32\netutils.dll
0x00007ffa16fb0000 - 0x00007ffa17003000 	C:\Windows\System32\dlnashext.dll
0x00007ffa0dd90000 - 0x00007ffa0ddf4000 	C:\Windows\System32\PlayToDevice.dll
0x00007ffa1ada0000 - 0x00007ffa1adc0000 	C:\Windows\System32\DevDispItemProvider.dll
0x00007ffa265e0000 - 0x00007ffa26652000 	C:\WINDOWS\System32\MMDevApi.dll
0x00007ffa2d8a0000 - 0x00007ffa2d8ca000 	C:\WINDOWS\System32\DEVOBJ.dll
0x00007ffa0a720000 - 0x00007ffa0a7bb000 	C:\WINDOWS\system32\wpdshext.dll
0x00007ffa2c480000 - 0x00007ffa2c623000 	C:\WINDOWS\WinSxS\amd64_microsoft.windows.gdiplus_6595b64144ccf1df_1.1.18362.836_none_17afac286da192bb\gdiplus.dll
0x00007ffa28da0000 - 0x00007ffa28e3e000 	C:\Windows\System32\PortableDeviceApi.dll
0x00007ffa2ff90000 - 0x00007ffa30400000 	C:\WINDOWS\System32\SETUPAPI.dll
0x00007ffa2e9f0000 - 0x00007ffa2ea4c000 	C:\WINDOWS\System32\WINTRUST.dll
0x00007ffa2db80000 - 0x00007ffa2db92000 	C:\WINDOWS\System32\MSASN1.dll
0x00007ffa2ea50000 - 0x00007ffa2eb99000 	C:\WINDOWS\System32\CRYPT32.dll
0x00007ffa2b650000 - 0x00007ffa2b680000 	C:\Windows\System32\PortableDeviceTypes.dll
0x00007ffa0dc60000 - 0x00007ffa0dc97000 	C:\Windows\System32\EhStorShell.dll
0x00007ffa157c0000 - 0x00007ffa157e5000 	C:\Windows\System32\EhStorAPI.dll
0x00007ffa2c630000 - 0x00007ffa2c643000 	C:\Windows\System32\WTSAPI32.dll
0x00007ffa0ebd0000 - 0x00007ffa0ebdd000 	C:\WINDOWS\SYSTEM32\LINKINFO.dll

VM Arguments:
jvm_args: -Dfile.encoding=Cp1252 
java_command: appliPrincipale.Menu
java_class_path (initial): C:\Program Files\Java\jre1.8.0_202\lib\resources.jar;C:\Program Files\Java\jre1.8.0_202\lib\rt.jar;C:\Program Files\Java\jre1.8.0_202\lib\jsse.jar;C:\Program Files\Java\jre1.8.0_202\lib\jce.jar;C:\Program Files\Java\jre1.8.0_202\lib\charsets.jar;C:\Program Files\Java\jre1.8.0_202\lib\jfr.jar;C:\Program Files\Java\jre1.8.0_202\lib\ext\access-bridge-64.jar;C:\Program Files\Java\jre1.8.0_202\lib\ext\cldrdata.jar;C:\Program Files\Java\jre1.8.0_202\lib\ext\dnsns.jar;C:\Program Files\Java\jre1.8.0_202\lib\ext\jaccess.jar;C:\Program Files\Java\jre1.8.0_202\lib\ext\jfxrt.jar;C:\Program Files\Java\jre1.8.0_202\lib\ext\localedata.jar;C:\Program Files\Java\jre1.8.0_202\lib\ext\nashorn.jar;C:\Program Files\Java\jre1.8.0_202\lib\ext\sunec.jar;C:\Program Files\Java\jre1.8.0_202\lib\ext\sunjce_provider.jar;C:\Program Files\Java\jre1.8.0_202\lib\ext\sunmscapi.jar;C:\Program Files\Java\jre1.8.0_202\lib\ext\sunpkcs11.jar;C:\Program Files\Java\jre1.8.0_202\lib\ext\zipfs.jar;E:\Andrea\Navigateur2020Excel\target\classes;E:\jxl.jar;C:\Users\Andréa\.m2\repository\net\sourceforge\jexcelapi\jxl\2.6.10\jxl-2.6.10.jar;C:\Users\Andréa\.m2\repository\log4j\log4j\1.2.14\log4j-1.2.14.jar;C:\Users\Andréa\.m2\repository\net\sourceforge\htmlunit\htmlunit\2.32\htmlunit-2.32.jar;C:\Users\Andréa\.m2\repository\xalan\xalan\2.7.2\xalan-2.7.2.jar;C:\Users\Andréa\.m2\repository\xalan\serializer\2.7.2\serializer-2.7.2.jar;C:\Users\Andréa\.m2\repository\org\apache\commons\commons-lang3\3.7\commons-lang3-3.7.jar;C:\Users\Andréa\.m2\repository\org\apache\commons\commons-text\1.4\commons-text-1.4.jar;C:\Users\Andréa\.m2\repository\org\apache\httpcomponents\httpmime\4.5.6\httpmime-4.5.6.jar;C:\Users\Andréa\.m2\repository\org\apache\httpcomponents\httpclient\4.5.6\httpclient-4.5.6.jar;C:\Users\Andréa\.m2\repository\org\apache\httpcomponents\httpcore\4.4.10\httpcore-4.4.10.jar;C:\Users\Andréa\.m2\repository\commons-codec\commons-codec\1.10\commons-codec-1.10.jar;C:\Users\Andréa\.m2\rep
Launcher Type: SUN_STANDARD

Environment Variables:
PATH=C:/Program Files/Java/jre1.8.0_202/bin/server;C:/Program Files/Java/jre1.8.0_202/bin;C:/Program Files/Java/jre1.8.0_202/lib/amd64;C:\Program Files (x86)\Common Files\Oracle\Java\javapath;C:\WINDOWS\system32;C:\WINDOWS;C:\WINDOWS\System32\Wbem;C:\WINDOWS\System32\WindowsPowerShell\v1.0\;C:\WINDOWS\System32\OpenSSH\;C:\Program Files\Microsoft SQL Server\130\Tools\Binn\;C:\Program Files\dotnet\;C:\Program Files\Git\cmd;C:\Users\Andréa\AppData\Local\Microsoft\WindowsApps;C:\Users\Andréa\AppData\Local\Programs\Microsoft VS Code\bin;C:\Users\Andréa\AppData\Local\Microsoft\WindowsApps;C:\Users\Andréa\AppData\Local\GitHubDesktop\bin;C:\Users\Andréa\Downloads\eclipse;
USERNAME=Andréa
OS=Windows_NT
PROCESSOR_IDENTIFIER=Intel64 Family 6 Model 122 Stepping 1, GenuineIntel



---------------  S Y S T E M  ---------------

OS: Windows 10.0 , 64 bit Build 18362 (10.0.18362.778)

CPU:total 4 (initial active 4) (4 cores per cpu, 1 threads per core) family 6 model 122 stepping 1, cmov, cx8, fxsr, mmx, sse, sse2, sse3, ssse3, sse4.1, sse4.2, popcnt, aes, clmul, erms, 3dnowpref, tsc, tscinvbit

Memory: 4k page, physical 3996332k(325008k free), swap 11484072k(2152k free)

vm_info: Java HotSpot(TM) 64-Bit Server VM (25.202-b08) for windows-amd64 JRE (1.8.0_202-b08), built on Dec 15 2018 19:54:30 by "java_re" with MS VC++ 10.0 (VS2010)

time: Wed Jun 10 10:53:28 2020
timezone: Paris, Madrid (heure d’été)
elapsed time: 24 seconds (0d 0h 0m 24s)

